Created symlink /home/runner/.config/systemd/user/default.target.wants/fastbot.service → /home/runner/.config/systemd/user/fastbot.service.
[+] Auto-start installed via systemd: /home/runner/.config/systemd/user/fastbot.service
[+] Use 'systemctl --user start fastbot.service' to start manually
<div style="padding:5px; margin:auto; background-color:#fff"><b>2 visitors online</b></div><div style="padding:5px; margin:auto; background-color:#fff"><b>2 visitors online</b></div><div style="padding:5px; margin:auto; background-color:#fff"><b>2 visitors online</b></div><div style="padding:5px; margin:auto; background-color:#fff"><b>2 visitors online</b></div><div style="padding:5px; margin:auto; background-color:#fff"><b>2 visitors online</b></div><div style="padding:5px; margin:auto; background-color:#fff"><b>2 visitors online</b></div><div style="padding:5px; margin:auto; background-color:#fff"><b>1 visitors online</b></div><div style="padding:5px; margin:auto; background-color:#fff"><b>1 visitors online</b></div><div style="padding:5px; margin:auto; background-color:#fff"><b>1 visitors online</b></div><div style="padding:5px; margin:auto; background-color:#fff"><b>1 visitors online</b></div><div style="padding:5px; margin:auto; background-color:#fff"><b>1 visitors online</b></div><div style="padding:5px; margin:auto; background-color:#fff"><b>1 visitors online</b></div><div style="padding:5px; margin:auto; background-color:#fff"><b>1 visitors online</b></div><div style="padding:5px; margin:auto; background-color:#fff"><b>1 visitors online</b></div><div style="padding:5px; margin:auto; background-color:#fff"><b>1 visitors online</b></div><div style="padding:5px; margin:auto; background-color:#fff"><b>1 visitors online</b></div><div style="padding:5px; margin:auto; background-color:#fff"><b>1 visitors online</b></div><div style="padding:5px; margin:auto; background-color:#fff"><b>1 visitors online</b></div><div style="padding:5px; margin:auto; background-color:#fff"><b>1 visitors online</b></div><div style="padding:5px; margin:auto; background-color:#fff"><b>1 visitors online</b></div><div style="padding:5px; margin:auto; background-color:#fff"><b>2 visitors online</b></div><div style="padding:5px; margin:auto; background-color:#fff"><b>2 visitors online</b></div>[+] Starting FastUDP attack: 46.247.108.59:6044
[UDP] Sent: 0 KB, Approx PPS: 5
[UDP] Sent: 53862 KB, Approx PPS: 430896
[UDP] Sent: 122420 KB, Approx PPS: 979366
[UDP] Sent: 192420 KB, Approx PPS: 1.53936e+06
[UDP] Sent: 261028 KB, Approx PPS: 2.08823e+06
[UDP] Sent: 328245 KB, Approx PPS: 2.62596e+06
[UDP] Sent: 397548 KB, Approx PPS: 3.18039e+06
[UDP] Sent: 466112 KB, Approx PPS: 3.7289e+06
[UDP] Sent: 535236 KB, Approx PPS: 4.28189e+06
[UDP] Sent: 611989 KB, Approx PPS: 4.89591e+06
[UDP] Sent: 685167 KB, Approx PPS: 5.48134e+06
[UDP] Sent: 759749 KB, Approx PPS: 6.078e+06
<div style="padding:5px; margin:auto; background-color:#fff"><b>2 visitors online</b></div>[UDP] Sent: 832887 KB, Approx PPS: 6.6631e+06
[UDP] Sent: 905419 KB, Approx PPS: 7.24335e+06
[UDP] Sent: 979097 KB, Approx PPS: 7.83278e+06
[UDP] Sent: 1051182 KB, Approx PPS: 8.40946e+06
[UDP] Sent: 1128376 KB, Approx PPS: 9.02701e+06
[UDP] Sent: 1202772 KB, Approx PPS: 9.62218e+06
[UDP] Sent: 1272602 KB, Approx PPS: 1.01808e+07
[UDP] Sent: 1350187 KB, Approx PPS: 1.08015e+07
[UDP] Sent: 1425356 KB, Approx PPS: 1.14028e+07
[UDP] Sent: 1501453 KB, Approx PPS: 1.20116e+07
[UDP] Sent: 1579433 KB, Approx PPS: 1.26355e+07
[UDP] Sent: 1655518 KB, Approx PPS: 1.32441e+07
[UDP] Sent: 1730599 KB, Approx PPS: 1.38448e+07
[UDP] Sent: 1810973 KB, Approx PPS: 1.44878e+07
[UDP] Sent: 1885945 KB, Approx PPS: 1.50876e+07
[UDP] Sent: 1960548 KB, Approx PPS: 1.56844e+07
[UDP] Sent: 2034199 KB, Approx PPS: 1.62736e+07
[UDP] Sent: 2109311 KB, Approx PPS: 1.68745e+07
[UDP] Sent: 2185996 KB, Approx PPS: 1.7488e+07
[UDP] Sent: 2261365 KB, Approx PPS: 1.80909e+07
[UDP] Sent: 2337701 KB, Approx PPS: 1.87016e+07
[UDP] Sent: 2415598 KB, Approx PPS: 1.93248e+07
[UDP] Sent: 2490988 KB, Approx PPS: 1.99279e+07
[UDP] Sent: 2567934 KB, Approx PPS: 2.05435e+07
[UDP] Sent: 2647941 KB, Approx PPS: 2.11835e+07
[UDP] Sent: 2725130 KB, Approx PPS: 2.1801e+07
[UDP] Sent: 2800378 KB, Approx PPS: 2.2403e+07
[UDP] Sent: 2875705 KB, Approx PPS: 2.30056e+07
[UDP] Sent: 2952549 KB, Approx PPS: 2.36204e+07
[UDP] Sent: 3029571 KB, Approx PPS: 2.42366e+07
[UDP] Sent: 3104945 KB, Approx PPS: 2.48396e+07
[UDP] Sent: 3182894 KB, Approx PPS: 2.54632e+07
[UDP] Sent: 3261459 KB, Approx PPS: 2.60917e+07
[UDP] Sent: 3337353 KB, Approx PPS: 2.66988e+07
[UDP] Sent: 3415459 KB, Approx PPS: 2.73237e+07
[UDP] Sent: 3493884 KB, Approx PPS: 2.79511e+07
[UDP] Sent: 3572530 KB, Approx PPS: 2.85802e+07
[UDP] Sent: 3665972 KB, Approx PPS: 2.93278e+07
[UDP] Sent: 3744384 KB, Approx PPS: 2.99551e+07
[UDP] Sent: 3823689 KB, Approx PPS: 3.05895e+07
[UDP] Sent: 3901929 KB, Approx PPS: 3.12154e+07
[UDP] Sent: 3978790 KB, Approx PPS: 3.18303e+07
[UDP] Sent: 4057367 KB, Approx PPS: 3.24589e+07
[-] STOP signal received
<div style="padding:5px; margin:auto; background-color:#fff"><b>2 visitors online</b></div>[+] Starting FastUDP attack: https://haistats.work.gd:6044/unprotected:6044
[UDP] Sent: 0 KB, Approx PPS: 5
[UDP] Sent: 57516 KB, Approx PPS: 460132
[UDP] Sent: 114593 KB, Approx PPS: 916747
[UDP] Sent: 171426 KB, Approx PPS: 1.37142e+06
[UDP] Sent: 229996 KB, Approx PPS: 1.83997e+06
[UDP] Sent: 286755 KB, Approx PPS: 2.29405e+06
[UDP] Sent: 345456 KB, Approx PPS: 2.76365e+06
[UDP] Sent: 402900 KB, Approx PPS: 3.2232e+06
[UDP] Sent: 469395 KB, Approx PPS: 3.75516e+06
[UDP] Sent: 526305 KB, Approx PPS: 4.21044e+06
[UDP] Sent: 583506 KB, Approx PPS: 4.66805e+06
[UDP] Sent: 640658 KB, Approx PPS: 5.12527e+06
[UDP] Sent: 697786 KB, Approx PPS: 5.58229e+06
[UDP] Sent: 756218 KB, Approx PPS: 6.04974e+06
[UDP] Sent: 814122 KB, Approx PPS: 6.51298e+06
[UDP] Sent: 872528 KB, Approx PPS: 6.98022e+06
[UDP] Sent: 931434 KB, Approx PPS: 7.45148e+06
[UDP] Sent: 990061 KB, Approx PPS: 7.92049e+06
[UDP] Sent: 1046667 KB, Approx PPS: 8.37334e+06
[UDP] Sent: 1104715 KB, Approx PPS: 8.83772e+06
[UDP] Sent: 1162488 KB, Approx PPS: 9.29991e+06
[UDP] Sent: 1219320 KB, Approx PPS: 9.75456e+06
[UDP] Sent: 1276035 KB, Approx PPS: 1.02083e+07
[UDP] Sent: 1332787 KB, Approx PPS: 1.06623e+07
[UDP] Sent: 1389386 KB, Approx PPS: 1.11151e+07
[UDP] Sent: 1447174 KB, Approx PPS: 1.15774e+07
[UDP] Sent: 1506698 KB, Approx PPS: 1.20536e+07
[UDP] Sent: 1563847 KB, Approx PPS: 1.25108e+07
[UDP] Sent: 1619261 KB, Approx PPS: 1.29541e+07
[-] STOP signal received
<div style="padding:5px; margin:auto; background-color:#fff"><b>2 visitors online</b></div><div style="padding:5px; margin:auto; background-color:#fff"><b>2 visitors online</b></div>[+] Starting FastUDP attack: 46.247.108.59:6044
[UDP] Sent: 0 KB, Approx PPS: 0
[UDP] Sent: 46879 KB, Approx PPS: 375037
[UDP] Sent: 94556 KB, Approx PPS: 756448
[UDP] Sent: 142618 KB, Approx PPS: 1.14095e+06
[UDP] Sent: 340758 KB, Approx PPS: 2.72607e+06
[UDP] Sent: 421769 KB, Approx PPS: 3.37416e+06
[UDP] Sent: 503143 KB, Approx PPS: 4.02514e+06
[UDP] Sent: 583905 KB, Approx PPS: 4.67125e+06
[UDP] Sent: 638368 KB, Approx PPS: 5.10695e+06
[UDP] Sent: 684950 KB, Approx PPS: 5.4796e+06
[UDP] Sent: 732166 KB, Approx PPS: 5.85733e+06
[UDP] Sent: 778628 KB, Approx PPS: 6.22903e+06
[UDP] Sent: 825573 KB, Approx PPS: 6.60459e+06
[UDP] Sent: 872261 KB, Approx PPS: 6.97809e+06
[UDP] Sent: 919570 KB, Approx PPS: 7.35656e+06
[UDP] Sent: 966333 KB, Approx PPS: 7.73067e+06
[UDP] Sent: 1013100 KB, Approx PPS: 8.1048e+06
[UDP] Sent: 1067610 KB, Approx PPS: 8.54088e+06
[UDP] Sent: 1157296 KB, Approx PPS: 9.25837e+06
[UDP] Sent: 1234930 KB, Approx PPS: 9.87944e+06
[UDP] Sent: 1315121 KB, Approx PPS: 1.0521e+07
[UDP] Sent: 1393695 KB, Approx PPS: 1.11496e+07
[UDP] Sent: 1471248 KB, Approx PPS: 1.177e+07
[UDP] Sent: 1550093 KB, Approx PPS: 1.24007e+07
[UDP] Sent: 1630381 KB, Approx PPS: 1.3043e+07
[UDP] Sent: 1709606 KB, Approx PPS: 1.36769e+07
[UDP] Sent: 1786799 KB, Approx PPS: 1.42944e+07
[UDP] Sent: 1864967 KB, Approx PPS: 1.49197e+07
[UDP] Sent: 1945129 KB, Approx PPS: 1.5561e+07
[UDP] Sent: 2020685 KB, Approx PPS: 1.61655e+07
[UDP] Sent: 2099273 KB, Approx PPS: 1.67942e+07
[UDP] Sent: 2269608 KB, Approx PPS: 1.81569e+07
[UDP] Sent: 2348510 KB, Approx PPS: 1.87881e+07
[UDP] Sent: 2427394 KB, Approx PPS: 1.94192e+07
[UDP] Sent: 2507325 KB, Approx PPS: 2.00586e+07
[UDP] Sent: 2585280 KB, Approx PPS: 2.06822e+07
[UDP] Sent: 2664384 KB, Approx PPS: 2.13151e+07
[UDP] Sent: 2744276 KB, Approx PPS: 2.19542e+07
[UDP] Sent: 2820635 KB, Approx PPS: 2.25651e+07
[UDP] Sent: 2896762 KB, Approx PPS: 2.31741e+07
[UDP] Sent: 2976725 KB, Approx PPS: 2.38138e+07
[UDP] Sent: 3057141 KB, Approx PPS: 2.44571e+07
[UDP] Sent: 3136554 KB, Approx PPS: 2.50924e+07
[UDP] Sent: 3215666 KB, Approx PPS: 2.57253e+07
<div style="padding:5px; margin:auto; background-color:#fff"><b>2 visitors online</b></div>[UDP] Sent: 3292426 KB, Approx PPS: 2.63394e+07
[UDP] Sent: 3374736 KB, Approx PPS: 2.69979e+07
[UDP] Sent: 3456084 KB, Approx PPS: 2.76487e+07
[-] STOP signal received
<div style="padding:5px; margin:auto; background-color:#fff"><b>2 visitors online</b></div><div style="padding:5px; margin:auto; background-color:#fff"><b>2 visitors online</b></div><div style="padding:5px; margin:auto; background-color:#fff"><b>2 visitors online</b></div><div style="padding:5px; margin:auto; background-color:#fff"><b>2 visitors online</b></div><div style="padding:5px; margin:auto; background-color:#fff"><b>2 visitors online</b></div><div style="padding:5px; margin:auto; background-color:#fff"><b>1 visitors online</b></div><div style="padding:5px; margin:auto; background-color:#fff"><b>1 visitors online</b></div><div style="padding:5px; margin:auto; background-color:#fff"><b>1 visitors online</b></div><div style="padding:5px; margin:auto; background-color:#fff"><b>1 visitors online</b></div><div style="padding:5px; margin:auto; background-color:#fff"><b>1 visitors online</b></div><div style="padding:5px; margin:auto; background-color:#fff"><b>1 visitors online</b></div><div style="padding:5px; margin:auto; background-color:#fff"><b>1 visitors online</b></div><div style="padding:5px; margin:auto; background-color:#fff"><b>1 visitors online</b></div><div style="padding:5px; margin:auto; background-color:#fff"><b>1 visitors online</b></div><div style="padding:5px; margin:auto; background-color:#fff"><b>1 visitors online</b></div><div style="padding:5px; margin:auto; background-color:#fff"><b>2 visitors online</b></div><div style="padding:5px; margin:auto; background-color:#fff"><b>2 visitors online</b></div><div style="padding:5px; margin:auto; background-color:#fff"><b>2 visitors online</b></div><div style="padding:5px; margin:auto; background-color:#fff"><b>2 visitors online</b></div><div style="padding:5px; margin:auto; background-color:#fff"><b>2 visitors online</b></div><div style="padding:5px; margin:auto; background-color:#fff"><b>2 visitors online</b></div><div style="padding:5px; margin:auto; background-color:#fff"><b>2 visitors online</b></div><div style="padding:5px; margin:auto; background-color:#fff"><b>1 visitors online</b></div><div style="padding:5px; margin:auto; background-color:#fff"><b>1 visitors online</b></div><div style="padding:5px; margin:auto; background-color:#fff"><b>1 visitors online</b></div><div style="padding:5px; margin:auto; background-color:#fff"><b>1 visitors online</b></div><div style="padding:5px; margin:auto; background-color:#fff"><b>1 visitors online</b></div><div style="padding:5px; margin:auto; background-color:#fff"><b>1 visitors online</b></div><div style="padding:5px; margin:auto; background-color:#fff"><b>1 visitors online</b></div><div style="padding:5px; margin:auto; background-color:#fff"><b>1 visitors online</b></div><div style="padding:5px; margin:auto; background-color:#fff"><b>1 visitors online</b></div><div style="padding:5px; margin:auto; background-color:#fff"><b>1 visitors online</b></div><div style="padding:5px; margin:auto; background-color:#fff"><b>1 visitors online</b></div><div style="padding:5px; margin:auto; background-color:#fff"><b>1 visitors online</b></div><div style="padding:5px; margin:auto; background-color:#fff"><b>1 visitors online</b></div><div style="padding:5px; margin:auto; background-color:#fff"><b>1 visitors online</b></div><div sty